Using pre-set license
Built from '2020.3/staging' branch; Version is '2020.3.0f1 (c7b5465681fb) revision 13088070'; Using compiler version '192528614'; Build Type 'Release'
OS: 'Windows 10 Pro; OS build 19043.1237; Version 2009; 64bit' Language: 'ja' Physical Memory: 16227 MB
BatchMode: 1, IsHumanControllingUs: 0, StartBugReporterOnCrash: 0, Is64bit: 1, IsPro: 0

 COMMAND LINE ARGUMENTS:
C:\Program Files\Unity\Hub\Editor\2020.3.0f1\Editor\Unity.exe
-adb2
-batchMode
-noUpm
-name
AssetImportWorker0
-projectPath
C:/K020G1452/ゲーム制作/GameJam/GameJam_Project
-logFile
Logs/AssetImportWorker0.log
-srvPort
55590
Successfully changed project path to: C:/K020G1452/ゲーム制作/GameJam/GameJam_Project
C:/K020G1452/ゲーム制作/GameJam/GameJam_Project
Using Asset Import Pipeline V2.
Refreshing native plugins compatible for Editor in 31.34 ms, found 1 plugins.
Preloading 0 native plugins for Editor in 0.00 ms.
Initialize engine version: 2020.3.0f1 (c7b5465681fb)
[Subsystems] Discovering subsystems at path C:/Program Files/Unity/Hub/Editor/2020.3.0f1/Editor/Data/Resources/UnitySubsystems
[Subsystems] Discovering subsystems at path C:/K020G1452/ゲーム制作/GameJam/GameJam_Project/Assets
GfxDevice: creating device client; threaded=0
Direct3D:
    Version:  Direct3D 11.0 [level 11.1]
    Renderer: NVIDIA GeForce GTX 1660 Ti (ID=0x2191)
    Vendor:   
    VRAM:     5991 MB
    Driver:   26.21.14.3184
Initialize mono
Mono path[0] = 'C:/Program Files/Unity/Hub/Editor/2020.3.0f1/Editor/Data/Managed'
Mono path[1] = 'C:/Program Files/Unity/Hub/Editor/2020.3.0f1/Editor/Data/MonoBleedingEdge/lib/mono/unityjit'
Mono config path = 'C:/Program Files/Unity/Hub/Editor/2020.3.0f1/Editor/Data/MonoBleedingEdge/etc'
Using monoOptions --debugger-agent=transport=dt_socket,embedding=1,server=y,suspend=n,address=127.0.0.1:56536
Begin MonoManager ReloadAssembly
Registering precompiled unity dll's ...
Register platform support module: C:/Program Files/Unity/Hub/Editor/2020.3.0f1/Editor/Data/PlaybackEngines/WindowsStandaloneSupport/UnityEditor.WindowsStandalone.Extensions.dll
Registered in 0.002032 seconds.
Native extension for WindowsStandalone target not found
Refreshing native plugins compatible for Editor in 33.30 ms, found 1 plugins.
Preloading 0 native plugins for Editor in 0.00 ms.
Invoked RoslynAnalysisRunner static constructor.
RoslynAnalysisRunner will not be running.
RoslynAnalysisRunner has terminated.
Mono: successfully reloaded assembly
- Completed reload, in  1.002 seconds
Platform modules already initialized, skipping
Registering precompiled user dll's ...
Registered in 0.000974 seconds.
Begin MonoManager ReloadAssembly
Native extension for WindowsStandalone target not found
Refreshing native plugins compatible for Editor in 32.05 ms, found 1 plugins.
Preloading 0 native plugins for Editor in 0.00 ms.
Invoked RoslynAnalysisRunner static constructor.
RoslynAnalysisRunner will not be running.
RoslynAnalysisRunner has terminated.
Mono: successfully reloaded assembly
- Completed reload, in  0.901 seconds
Platform modules already initialized, skipping
========================================================================
Worker process is ready to serve import requests
Launched and connected shader compiler UnityShaderCompiler.exe after 0.05 seconds
Refreshing native plugins compatible for Editor in 0.29 ms, found 1 plugins.
Preloading 0 native plugins for Editor in 0.00 ms.
Unloading 1808 Unused Serialized files (Serialized files now loaded: 0)
System memory in use before: 87.3 MB.
System memory in use after: 87.3 MB.

Unloading 24 unused Assets to reduce memory usage. Loaded Objects now: 2251.
Total: 1.862200 ms (FindLiveObjects: 0.168500 ms CreateObjectMapping: 0.072500 ms MarkObjects: 1.510800 ms  DeleteObjects: 0.109600 ms)

========================================================================
Received Import Request.
  path: Assets/Scenes/AlarmApp.unity
  artifactKey: Guid(6aca5e13f5e41154480320ac8d438002) Importer(815301076,1909f56bfc062723c751e8b465ee728b)
Start importing Assets/Scenes/AlarmApp.unity using Guid(6aca5e13f5e41154480320ac8d438002) Importer(815301076,1909f56bfc062723c751e8b465ee728b)  -> (artifact id: 'bb21e6dc39a31c3136aac68a7a4b755e') in 0.015752 seconds
  Import took 0.018327 seconds .

========================================================================
Received Import Request.
  Time since last request: 14.180211 seconds.
  path: Assets/Scenes/BookApp.unity
  artifactKey: Guid(da6aa69d99b6de64e956daeb473d83c4) Importer(815301076,1909f56bfc062723c751e8b465ee728b)
Start importing Assets/Scenes/BookApp.unity using Guid(da6aa69d99b6de64e956daeb473d83c4) Importer(815301076,1909f56bfc062723c751e8b465ee728b)  -> (artifact id: 'b472582c2b2712cee6c648a038b4a60a') in 0.009149 seconds
  Import took 0.011752 seconds .

========================================================================
Received Import Request.
  Time since last request: 22.449396 seconds.
  path: Assets/Scenes/CallApp.unity
  artifactKey: Guid(1f070d2f29fedef459e76e25e1391e25) Importer(815301076,1909f56bfc062723c751e8b465ee728b)
Start importing Assets/Scenes/CallApp.unity using Guid(1f070d2f29fedef459e76e25e1391e25) Importer(815301076,1909f56bfc062723c751e8b465ee728b)  -> (artifact id: 'd1da0c490408a8ef74bd5a9deeecadfc') in 0.010787 seconds
  Import took 0.014641 seconds .

========================================================================
Received Import Request.
  Time since last request: 15.763423 seconds.
  path: Assets/Scenes/CameraApp.unity
  artifactKey: Guid(f9a4841fbd79f574181ed080d57d62f1) Importer(815301076,1909f56bfc062723c751e8b465ee728b)
Start importing Assets/Scenes/CameraApp.unity using Guid(f9a4841fbd79f574181ed080d57d62f1) Importer(815301076,1909f56bfc062723c751e8b465ee728b)  -> (artifact id: '65ff6797076ca915b184a25e075171e2') in 0.008797 seconds
  Import took 0.012297 seconds .

========================================================================
Received Import Request.
  Time since last request: 0.000761 seconds.
  path: Assets/Scenes/CameraApp.unity
  artifactKey: Guid(f9a4841fbd79f574181ed080d57d62f1) Importer(815301076,1909f56bfc062723c751e8b465ee728b)
Start importing Assets/Scenes/CameraApp.unity using Guid(f9a4841fbd79f574181ed080d57d62f1) Importer(815301076,1909f56bfc062723c751e8b465ee728b)  -> (artifact id: '65ff6797076ca915b184a25e075171e2') in 0.002389 seconds
  Import took 0.005213 seconds .

========================================================================
Received Import Request.
  Time since last request: 14.720423 seconds.
  path: Assets/Scenes/DatingApp.unity
  artifactKey: Guid(81ae6f473b65a7243a8e0d6caad84b6a) Importer(815301076,1909f56bfc062723c751e8b465ee728b)
Start importing Assets/Scenes/DatingApp.unity using Guid(81ae6f473b65a7243a8e0d6caad84b6a) Importer(815301076,1909f56bfc062723c751e8b465ee728b)  -> (artifact id: '36d0f3d4b613ea417818391525755317') in 0.005628 seconds
  Import took 0.008360 seconds .

========================================================================
Received Import Request.
  Time since last request: 9.459622 seconds.
  path: Assets/Scenes/MailApp.unity
  artifactKey: Guid(661a2c1ac7cf87c409916b69637c5ab2) Importer(815301076,1909f56bfc062723c751e8b465ee728b)
Start importing Assets/Scenes/MailApp.unity using Guid(661a2c1ac7cf87c409916b69637c5ab2) Importer(815301076,1909f56bfc062723c751e8b465ee728b)  -> (artifact id: 'f65f8295bf4c2ff1ea5bf146846f7299') in 0.008068 seconds
  Import took 0.011157 seconds .

========================================================================
Received Import Request.
  Time since last request: 19.914832 seconds.
  path: Assets/Scenes/MemoApp.unity
  artifactKey: Guid(98b7e9ca71d404c4191f470d529f1648) Importer(815301076,1909f56bfc062723c751e8b465ee728b)
Start importing Assets/Scenes/MemoApp.unity using Guid(98b7e9ca71d404c4191f470d529f1648) Importer(815301076,1909f56bfc062723c751e8b465ee728b)  -> (artifact id: '6951b39987d758e77da09be8e36df2d3') in 0.007877 seconds
  Import took 0.010563 seconds .

========================================================================
Received Import Request.
  Time since last request: 25.804530 seconds.
  path: Assets/Scenes/MessageApp.unity
  artifactKey: Guid(e9ac1543d8b379d46859236ab6ef8fb7) Importer(815301076,1909f56bfc062723c751e8b465ee728b)
Start importing Assets/Scenes/MessageApp.unity using Guid(e9ac1543d8b379d46859236ab6ef8fb7) Importer(815301076,1909f56bfc062723c751e8b465ee728b)  -> (artifact id: '7e0e857df4737adc4c18441c07d18ae6') in 0.007790 seconds
  Import took 0.011150 seconds .

========================================================================
Received Import Request.
  Time since last request: 16.167665 seconds.
  path: Assets/Scenes/MusicApp.unity
  artifactKey: Guid(3dfbf108e853aeb47a8d3c40e060398f) Importer(815301076,1909f56bfc062723c751e8b465ee728b)
Start importing Assets/Scenes/MusicApp.unity using Guid(3dfbf108e853aeb47a8d3c40e060398f) Importer(815301076,1909f56bfc062723c751e8b465ee728b)  -> (artifact id: '8323908f3520652c618e288646df252d') in 0.007311 seconds
  Import took 0.010098 seconds .

========================================================================
Received Import Request.
  Time since last request: 46.314162 seconds.
  path: Assets/Scenes/TwitterApp.unity
  artifactKey: Guid(25fdd12ec84745444905962b58e9fc13) Importer(815301076,1909f56bfc062723c751e8b465ee728b)
Start importing Assets/Scenes/TwitterApp.unity using Guid(25fdd12ec84745444905962b58e9fc13) Importer(815301076,1909f56bfc062723c751e8b465ee728b)  -> (artifact id: 'edf0380f4cbc18ea56e8573d64f82cbb') in 0.006520 seconds
  Import took 0.009161 seconds .

========================================================================
Received Import Request.
  Time since last request: 8.320852 seconds.
  path: Assets/Scenes/WeatherApp.unity
  artifactKey: Guid(94d9deffecf58f64593e117396d5d286) Importer(815301076,1909f56bfc062723c751e8b465ee728b)
Start importing Assets/Scenes/WeatherApp.unity using Guid(94d9deffecf58f64593e117396d5d286) Importer(815301076,1909f56bfc062723c751e8b465ee728b)  -> (artifact id: 'be88f73896bf2e9523c05eaa75429b31') in 0.008668 seconds
  Import took 0.012086 seconds .

========================================================================
Received Import Request.
  Time since last request: 52.889850 seconds.
  path: Assets/Scenes/Main.unity
  artifactKey: Guid(7e6d53cf26c17204fa4e7f431ab63071) Importer(815301076,1909f56bfc062723c751e8b465ee728b)
Start importing Assets/Scenes/Main.unity using Guid(7e6d53cf26c17204fa4e7f431ab63071) Importer(815301076,1909f56bfc062723c751e8b465ee728b)  -> (artifact id: 'eea7b2f3958fa7489b61d85490db180b') in 0.006578 seconds
  Import took 0.009187 seconds .

========================================================================
Received Import Request.
  Time since last request: 640.862787 seconds.
  path: Assets/Material/AlarmApp.png
  artifactKey: Guid(f4207858582297847a6f8569fb785e9d) Importer(815301076,1909f56bfc062723c751e8b465ee728b)
Start importing Assets/Material/AlarmApp.png using Guid(f4207858582297847a6f8569fb785e9d) Importer(815301076,1909f56bfc062723c751e8b465ee728b)  -> (artifact id: 'ae482889609907e1e0930aa82f7a817d') in 0.115152 seconds
  Import took 0.118405 seconds .

========================================================================
Received Import Request.
  Time since last request: 0.000369 seconds.
  path: Assets/Material/MessageApp.png
  artifactKey: Guid(7b805e40ddd26014fa20956bb35b9f19) Importer(815301076,1909f56bfc062723c751e8b465ee728b)
Start importing Assets/Material/MessageApp.png using Guid(7b805e40ddd26014fa20956bb35b9f19) Importer(815301076,1909f56bfc062723c751e8b465ee728b)  -> (artifact id: '05b3a43e0e27041a1bfd72daf6f45b0d') in 0.011110 seconds
  Import took 0.013795 seconds .

========================================================================
Received Import Request.
  Time since last request: 0.000452 seconds.
  path: Assets/Material/BackGround.png
  artifactKey: Guid(15c96b03feb35f842be28ba6aad9ff01) Importer(815301076,1909f56bfc062723c751e8b465ee728b)
Start importing Assets/Material/BackGround.png using Guid(15c96b03feb35f842be28ba6aad9ff01) Importer(815301076,1909f56bfc062723c751e8b465ee728b)  -> (artifact id: '03dac4d755748ae8bff422206a941c3c') in 0.018574 seconds
  Import took 0.021364 seconds .

========================================================================
Received Import Request.
  Time since last request: 0.000348 seconds.
  path: Assets/Material/MailApp.png
  artifactKey: Guid(a2ccace2830435444b773fe0602ec5a3) Importer(815301076,1909f56bfc062723c751e8b465ee728b)
Start importing Assets/Material/MailApp.png using Guid(a2ccace2830435444b773fe0602ec5a3) Importer(815301076,1909f56bfc062723c751e8b465ee728b)  -> (artifact id: 'f953f38c902ba19ba84267cac534f81b') in 0.012112 seconds
  Import took 0.014798 seconds .

========================================================================
Received Import Request.
  Time since last request: 0.000360 seconds.
  path: Assets/Material/BookApp.png
  artifactKey: Guid(a5a8fb160e9214142b46cbd97c0e0bb7) Importer(815301076,1909f56bfc062723c751e8b465ee728b)
Start importing Assets/Material/BookApp.png using Guid(a5a8fb160e9214142b46cbd97c0e0bb7) Importer(815301076,1909f56bfc062723c751e8b465ee728b)  -> (artifact id: 'ac0fde35d46495791043129a2df8b180') in 0.011528 seconds
  Import took 0.014264 seconds .

========================================================================
Received Import Request.
  Time since last request: 0.000333 seconds.
  path: Assets/Material/WeatherApp.png
  artifactKey: Guid(427ed4564a97689468fbe621cb117161) Importer(815301076,1909f56bfc062723c751e8b465ee728b)
Start importing Assets/Material/WeatherApp.png using Guid(427ed4564a97689468fbe621cb117161) Importer(815301076,1909f56bfc062723c751e8b465ee728b)  -> (artifact id: 'ec659527edd5bbb8717696360c217e4d') in 0.010333 seconds
  Import took 0.013019 seconds .

========================================================================
Received Import Request.
  Time since last request: 0.000344 seconds.
  path: Assets/Material/Twitter.png
  artifactKey: Guid(f5db44d66d5dd2a4c837140109b8c2ad) Importer(815301076,1909f56bfc062723c751e8b465ee728b)
Start importing Assets/Material/Twitter.png using Guid(f5db44d66d5dd2a4c837140109b8c2ad) Importer(815301076,1909f56bfc062723c751e8b465ee728b)  -> (artifact id: 'ab6f9f993da9f8936320a76b5e3f338d') in 0.010256 seconds
  Import took 0.013086 seconds .

========================================================================
Received Import Request.
  Time since last request: 0.000372 seconds.
  path: Assets/Material/DatingApp.png
  artifactKey: Guid(c1c3d87ebd14246439363b8420b29916) Importer(815301076,1909f56bfc062723c751e8b465ee728b)
Start importing Assets/Material/DatingApp.png using Guid(c1c3d87ebd14246439363b8420b29916) Importer(815301076,1909f56bfc062723c751e8b465ee728b)  -> (artifact id: '5c1ff81a3917a68a397d47a7ab942843') in 0.011388 seconds
  Import took 0.013925 seconds .

========================================================================
Received Import Request.
  Time since last request: 0.000392 seconds.
  path: Assets/Material/MusicApp.png
  artifactKey: Guid(6dd758ec2ad92534e8bb57f8f8a36408) Importer(815301076,1909f56bfc062723c751e8b465ee728b)
Start importing Assets/Material/MusicApp.png using Guid(6dd758ec2ad92534e8bb57f8f8a36408) Importer(815301076,1909f56bfc062723c751e8b465ee728b)  -> (artifact id: '468866df4676f0b2214e6a3a8d4d8655') in 0.009736 seconds
  Import took 0.012883 seconds .

========================================================================
Received Import Request.
  Time since last request: 0.000307 seconds.
  path: Assets/Material/CameraApp.png
  artifactKey: Guid(2c755799fc6449748ab2f1011acb6254) Importer(815301076,1909f56bfc062723c751e8b465ee728b)
Start importing Assets/Material/CameraApp.png using Guid(2c755799fc6449748ab2f1011acb6254) Importer(815301076,1909f56bfc062723c751e8b465ee728b)  -> (artifact id: 'bacb52856495aef486c86c2becafc438') in 0.010711 seconds
  Import took 0.013633 seconds .

========================================================================
Received Import Request.
  Time since last request: 0.000374 seconds.
  path: Assets/Material/MemoApp.png
  artifactKey: Guid(8ff58c91f053dad4ea3c289ac14670a0) Importer(815301076,1909f56bfc062723c751e8b465ee728b)
Start importing Assets/Material/MemoApp.png using Guid(8ff58c91f053dad4ea3c289ac14670a0) Importer(815301076,1909f56bfc062723c751e8b465ee728b)  -> (artifact id: '932ded4c32de1c489f932643e19d362c') in 0.013266 seconds
  Import took 0.016195 seconds .

========================================================================
Received Import Request.
  Time since last request: 0.000347 seconds.
  path: Assets/Material/CallApp.png
  artifactKey: Guid(ef9038e5c9225064a8d880565e9c657f) Importer(815301076,1909f56bfc062723c751e8b465ee728b)
Start importing Assets/Material/CallApp.png using Guid(ef9038e5c9225064a8d880565e9c657f) Importer(815301076,1909f56bfc062723c751e8b465ee728b)  -> (artifact id: 'd936ddff2b9f04de7a127170d43aa2cb') in 0.010866 seconds
  Import took 0.013428 seconds .

========================================================================
Received Import Request.
  Time since last request: 0.000386 seconds.
  path: Assets/Material/Rotate.png
  artifactKey: Guid(5e18aeafcbbb8c6448ff2987e14f3c66) Importer(815301076,1909f56bfc062723c751e8b465ee728b)
Start importing Assets/Material/Rotate.png using Guid(5e18aeafcbbb8c6448ff2987e14f3c66) Importer(815301076,1909f56bfc062723c751e8b465ee728b)  -> (artifact id: '3575cb2c9a5cf0508627c6b693953c75') in 0.011393 seconds
  Import took 0.014039 seconds .

========================================================================
Received Import Request.
  Time since last request: 0.000355 seconds.
  path: Assets/Material/CallHistory.png
  artifactKey: Guid(4f32db5bc1b163047b73bddeebd55ef2) Importer(815301076,1909f56bfc062723c751e8b465ee728b)
Start importing Assets/Material/CallHistory.png using Guid(4f32db5bc1b163047b73bddeebd55ef2) Importer(815301076,1909f56bfc062723c751e8b465ee728b)  -> (artifact id: '1d29fdbfe39739127e8e35f8e12e79ba') in 0.018942 seconds
  Import took 0.021696 seconds .

========================================================================
Received Prepare
Registering precompiled user dll's ...
Registered in 0.000943 seconds.
Begin MonoManager ReloadAssembly
Native extension for WindowsStandalone target not found
Refreshing native plugins compatible for Editor in 0.35 ms, found 1 plugins.
Preloading 0 native plugins for Editor in 0.00 ms.
Invoked RoslynAnalysisRunner static constructor.
RoslynAnalysisRunner will not be running.
RoslynAnalysisRunner has terminated.
Mono: successfully reloaded assembly
- Completed reload, in  0.776 seconds
Platform modules already initialized, skipping
Refreshing native plugins compatible for Editor in 0.31 ms, found 1 plugins.
Preloading 0 native plugins for Editor in 0.00 ms.
Unloading 1803 Unused Serialized files (Serialized files now loaded: 0)
System memory in use before: 90.5 MB.
System memory in use after: 90.5 MB.

Unloading 12 unused Assets to reduce memory usage. Loaded Objects now: 2265.
Total: 1.607700 ms (FindLiveObjects: 0.151000 ms CreateObjectMapping: 0.065600 ms MarkObjects: 1.302000 ms  DeleteObjects: 0.088500 ms)

========================================================================
Received Prepare
Registering precompiled user dll's ...
Registered in 0.000915 seconds.
Begin MonoManager ReloadAssembly
Native extension for WindowsStandalone target not found
Refreshing native plugins compatible for Editor in 0.32 ms, found 1 plugins.
Preloading 0 native plugins for Editor in 0.00 ms.
Invoked RoslynAnalysisRunner static constructor.
RoslynAnalysisRunner will not be running.
RoslynAnalysisRunner has terminated.
Mono: successfully reloaded assembly
- Completed reload, in  0.728 seconds
Platform modules already initialized, skipping
Refreshing native plugins compatible for Editor in 0.29 ms, found 1 plugins.
Preloading 0 native plugins for Editor in 0.00 ms.
Unloading 1803 Unused Serialized files (Serialized files now loaded: 0)
System memory in use before: 90.5 MB.
System memory in use after: 90.5 MB.

Unloading 12 unused Assets to reduce memory usage. Loaded Objects now: 2269.
Total: 1.950700 ms (FindLiveObjects: 0.186600 ms CreateObjectMapping: 0.076900 ms MarkObjects: 1.591600 ms  DeleteObjects: 0.094700 ms)

========================================================================
Received Import Request.
  Time since last request: 178.426402 seconds.
  path: Assets/Scenes/CallApp.unity
  artifactKey: Guid(1f070d2f29fedef459e76e25e1391e25) Importer(815301076,1909f56bfc062723c751e8b465ee728b)
Start importing Assets/Scenes/CallApp.unity using Guid(1f070d2f29fedef459e76e25e1391e25) Importer(815301076,1909f56bfc062723c751e8b465ee728b)  -> (artifact id: 'd5b8ae26133b9bf98bdb434f5264aa29') in 0.011756 seconds
  Import took 0.014944 seconds .

========================================================================
Received Import Request.
  Time since last request: 108.389911 seconds.
  path: Assets/Scenes/Main.unity
  artifactKey: Guid(7e6d53cf26c17204fa4e7f431ab63071) Importer(815301076,1909f56bfc062723c751e8b465ee728b)
Start importing Assets/Scenes/Main.unity using Guid(7e6d53cf26c17204fa4e7f431ab63071) Importer(815301076,1909f56bfc062723c751e8b465ee728b)  -> (artifact id: '0faa0679510e619641b2a4288b09bcea') in 0.003026 seconds
  Import took 0.006940 seconds .

========================================================================
Received Prepare
Registering precompiled user dll's ...
Registered in 0.000881 seconds.
Begin MonoManager ReloadAssembly
Native extension for WindowsStandalone target not found
Refreshing native plugins compatible for Editor in 0.30 ms, found 1 plugins.
Preloading 0 native plugins for Editor in 0.00 ms.
Invoked RoslynAnalysisRunner static constructor.
RoslynAnalysisRunner will not be running.
RoslynAnalysisRunner has terminated.
Mono: successfully reloaded assembly
- Completed reload, in  0.723 seconds
Platform modules already initialized, skipping
Refreshing native plugins compatible for Editor in 0.29 ms, found 1 plugins.
Preloading 0 native plugins for Editor in 0.00 ms.
Unloading 1803 Unused Serialized files (Serialized files now loaded: 0)
System memory in use before: 90.5 MB.
System memory in use after: 90.5 MB.

Unloading 12 unused Assets to reduce memory usage. Loaded Objects now: 2273.
Total: 1.935200 ms (FindLiveObjects: 0.262700 ms CreateObjectMapping: 0.063400 ms MarkObjects: 1.520000 ms  DeleteObjects: 0.088600 ms)

========================================================================
Received Prepare
Registering precompiled user dll's ...
Registered in 0.001022 seconds.
Begin MonoManager ReloadAssembly
Native extension for WindowsStandalone target not found
Refreshing native plugins compatible for Editor in 0.31 ms, found 1 plugins.
Preloading 0 native plugins for Editor in 0.00 ms.
Invoked RoslynAnalysisRunner static constructor.
RoslynAnalysisRunner will not be running.
RoslynAnalysisRunner has terminated.
Mono: successfully reloaded assembly
- Completed reload, in  0.786 seconds
Platform modules already initialized, skipping
Refreshing native plugins compatible for Editor in 0.31 ms, found 1 plugins.
Preloading 0 native plugins for Editor in 0.00 ms.
Unloading 1803 Unused Serialized files (Serialized files now loaded: 0)
System memory in use before: 90.6 MB.
System memory in use after: 90.5 MB.

Unloading 12 unused Assets to reduce memory usage. Loaded Objects now: 2277.
Total: 1.658100 ms (FindLiveObjects: 0.180500 ms CreateObjectMapping: 0.065100 ms MarkObjects: 1.315200 ms  DeleteObjects: 0.096500 ms)

========================================================================
Received Import Request.
  Time since last request: 819.648924 seconds.
  path: Assets/Script/GameManager.cs
  artifactKey: Guid(ea00e9182e34b814c8e163d6ad6b21da) Importer(815301076,1909f56bfc062723c751e8b465ee728b)
Start importing Assets/Script/GameManager.cs using Guid(ea00e9182e34b814c8e163d6ad6b21da) Importer(815301076,1909f56bfc062723c751e8b465ee728b)  -> (artifact id: '88f3c53e50d34478dcbba07206421c0a') in 0.015706 seconds
  Import took 0.018471 seconds .

========================================================================
Received Prepare
Registering precompiled user dll's ...
Registered in 0.001595 seconds.
Begin MonoManager ReloadAssembly
Native extension for WindowsStandalone target not found
Refreshing native plugins compatible for Editor in 0.31 ms, found 1 plugins.
Preloading 0 native plugins for Editor in 0.00 ms.
Invoked RoslynAnalysisRunner static constructor.
RoslynAnalysisRunner will not be running.
RoslynAnalysisRunner has terminated.
Mono: successfully reloaded assembly
- Completed reload, in  0.823 seconds
Platform modules already initialized, skipping
Refreshing native plugins compatible for Editor in 0.31 ms, found 1 plugins.
Preloading 0 native plugins for Editor in 0.00 ms.
Unloading 1803 Unused Serialized files (Serialized files now loaded: 0)
System memory in use before: 90.6 MB.
System memory in use after: 90.6 MB.

Unloading 12 unused Assets to reduce memory usage. Loaded Objects now: 2281.
Total: 1.887900 ms (FindLiveObjects: 0.197500 ms CreateObjectMapping: 0.067200 ms MarkObjects: 1.526600 ms  DeleteObjects: 0.095600 ms)

========================================================================
Received Import Request.
  Time since last request: 252.591974 seconds.
  path: Assets/Script/GameManager.cs
  artifactKey: Guid(ea00e9182e34b814c8e163d6ad6b21da) Importer(815301076,1909f56bfc062723c751e8b465ee728b)
Start importing Assets/Script/GameManager.cs using Guid(ea00e9182e34b814c8e163d6ad6b21da) Importer(815301076,1909f56bfc062723c751e8b465ee728b)  -> (artifact id: '9219e7440a3f7c7a8f5d0a5d809f83eb') in 0.004528 seconds
  Import took 0.007252 seconds .

========================================================================
Received Prepare
Registering precompiled user dll's ...
Registered in 0.000926 seconds.
Begin MonoManager ReloadAssembly
Native extension for WindowsStandalone target not found
Refreshing native plugins compatible for Editor in 0.31 ms, found 1 plugins.
Preloading 0 native plugins for Editor in 0.00 ms.
Invoked RoslynAnalysisRunner static constructor.
RoslynAnalysisRunner will not be running.
RoslynAnalysisRunner has terminated.
Mono: successfully reloaded assembly
- Completed reload, in  0.764 seconds
Platform modules already initialized, skipping
Refreshing native plugins compatible for Editor in 0.30 ms, found 1 plugins.
Preloading 0 native plugins for Editor in 0.00 ms.
Unloading 1803 Unused Serialized files (Serialized files now loaded: 0)
System memory in use before: 90.6 MB.
System memory in use after: 90.6 MB.

Unloading 12 unused Assets to reduce memory usage. Loaded Objects now: 2285.
Total: 1.823600 ms (FindLiveObjects: 0.160900 ms CreateObjectMapping: 0.073800 ms MarkObjects: 1.490000 ms  DeleteObjects: 0.097700 ms)

========================================================================
Received Prepare
Registering precompiled user dll's ...
Registered in 0.000967 seconds.
Begin MonoManager ReloadAssembly
Native extension for WindowsStandalone target not found
Refreshing native plugins compatible for Editor in 0.31 ms, found 1 plugins.
Preloading 0 native plugins for Editor in 0.00 ms.
Invoked RoslynAnalysisRunner static constructor.
RoslynAnalysisRunner will not be running.
RoslynAnalysisRunner has terminated.
Mono: successfully reloaded assembly
- Completed reload, in  0.719 seconds
Platform modules already initialized, skipping
Refreshing native plugins compatible for Editor in 0.30 ms, found 1 plugins.
Preloading 0 native plugins for Editor in 0.00 ms.
Unloading 1803 Unused Serialized files (Serialized files now loaded: 0)
System memory in use before: 90.6 MB.
System memory in use after: 90.6 MB.

Unloading 12 unused Assets to reduce memory usage. Loaded Objects now: 2289.
Total: 2.244200 ms (FindLiveObjects: 0.234200 ms CreateObjectMapping: 0.089100 ms MarkObjects: 1.776800 ms  DeleteObjects: 0.143000 ms)

========================================================================
Received Prepare
Registering precompiled user dll's ...
Registered in 0.000926 seconds.
Begin MonoManager ReloadAssembly
Native extension for WindowsStandalone target not found
Refreshing native plugins compatible for Editor in 0.37 ms, found 1 plugins.
Preloading 0 native plugins for Editor in 0.00 ms.
Invoked RoslynAnalysisRunner static constructor.
RoslynAnalysisRunner will not be running.
RoslynAnalysisRunner has terminated.
Mono: successfully reloaded assembly
- Completed reload, in  0.732 seconds
Platform modules already initialized, skipping
Refreshing native plugins compatible for Editor in 0.30 ms, found 1 plugins.
Preloading 0 native plugins for Editor in 0.00 ms.
Unloading 1803 Unused Serialized files (Serialized files now loaded: 0)
System memory in use before: 90.6 MB.
System memory in use after: 90.6 MB.

Unloading 12 unused Assets to reduce memory usage. Loaded Objects now: 2293.
Total: 1.895600 ms (FindLiveObjects: 0.209800 ms CreateObjectMapping: 0.073300 ms MarkObjects: 1.439100 ms  DeleteObjects: 0.172600 ms)

========================================================================
Received Prepare
Registering precompiled user dll's ...
Registered in 0.001451 seconds.
Begin MonoManager ReloadAssembly
Native extension for WindowsStandalone target not found
Refreshing native plugins compatible for Editor in 0.31 ms, found 1 plugins.
Preloading 0 native plugins for Editor in 0.00 ms.
Invoked RoslynAnalysisRunner static constructor.
RoslynAnalysisRunner will not be running.
RoslynAnalysisRunner has terminated.
Mono: successfully reloaded assembly
- Completed reload, in  0.756 seconds
Platform modules already initialized, skipping
Refreshing native plugins compatible for Editor in 0.31 ms, found 1 plugins.
Preloading 0 native plugins for Editor in 0.00 ms.
Unloading 1803 Unused Serialized files (Serialized files now loaded: 0)
System memory in use before: 90.6 MB.
System memory in use after: 90.6 MB.

Unloading 12 unused Assets to reduce memory usage. Loaded Objects now: 2297.
Total: 2.085000 ms (FindLiveObjects: 0.320700 ms CreateObjectMapping: 0.080400 ms MarkObjects: 1.577300 ms  DeleteObjects: 0.105500 ms)

========================================================================
Received Prepare
Registering precompiled user dll's ...
Registered in 0.000914 seconds.
Begin MonoManager ReloadAssembly
Native extension for WindowsStandalone target not found
Refreshing native plugins compatible for Editor in 0.35 ms, found 1 plugins.
Preloading 0 native plugins for Editor in 0.00 ms.
Invoked RoslynAnalysisRunner static constructor.
RoslynAnalysisRunner will not be running.
RoslynAnalysisRunner has terminated.
Mono: successfully reloaded assembly
- Completed reload, in  0.763 seconds
Platform modules already initialized, skipping
Refreshing native plugins compatible for Editor in 0.30 ms, found 1 plugins.
Preloading 0 native plugins for Editor in 0.00 ms.
Unloading 1803 Unused Serialized files (Serialized files now loaded: 0)
System memory in use before: 90.6 MB.
System memory in use after: 90.6 MB.

Unloading 12 unused Assets to reduce memory usage. Loaded Objects now: 2301.
Total: 2.131700 ms (FindLiveObjects: 0.304700 ms CreateObjectMapping: 0.089900 ms MarkObjects: 1.596500 ms  DeleteObjects: 0.139900 ms)

========================================================================
Received Prepare
Registering precompiled user dll's ...
Registered in 0.000976 seconds.
Begin MonoManager ReloadAssembly
Native extension for WindowsStandalone target not found
Refreshing native plugins compatible for Editor in 0.31 ms, found 1 plugins.
Preloading 0 native plugins for Editor in 0.00 ms.
Invoked RoslynAnalysisRunner static constructor.
RoslynAnalysisRunner will not be running.
RoslynAnalysisRunner has terminated.
Mono: successfully reloaded assembly
- Completed reload, in  0.741 seconds
Platform modules already initialized, skipping
Refreshing native plugins compatible for Editor in 0.29 ms, found 1 plugins.
Preloading 0 native plugins for Editor in 0.00 ms.
Unloading 1803 Unused Serialized files (Serialized files now loaded: 0)
System memory in use before: 90.6 MB.
System memory in use after: 90.6 MB.

Unloading 12 unused Assets to reduce memory usage. Loaded Objects now: 2305.
Total: 2.646900 ms (FindLiveObjects: 0.196500 ms CreateObjectMapping: 0.087600 ms MarkObjects: 2.241500 ms  DeleteObjects: 0.120300 ms)

========================================================================
Received Import Request.
  Time since last request: 2357.910497 seconds.
  path: Assets/Script/SmartPhone.cs
  artifactKey: Guid(8756343ae6e9ba04faa452ff082c73a3) Importer(815301076,1909f56bfc062723c751e8b465ee728b)
Start importing Assets/Script/SmartPhone.cs using Guid(8756343ae6e9ba04faa452ff082c73a3) Importer(815301076,1909f56bfc062723c751e8b465ee728b)  -> (artifact id: '91c4e6538ed06785f2b1d6e6e0c13d0b') in 0.009737 seconds
  Import took 0.013533 seconds .

========================================================================
Received Prepare
Registering precompiled user dll's ...
Registered in 0.001088 seconds.
Begin MonoManager ReloadAssembly
Native extension for WindowsStandalone target not found
Refreshing native plugins compatible for Editor in 0.30 ms, found 1 plugins.
Preloading 0 native plugins for Editor in 0.00 ms.
Invoked RoslynAnalysisRunner static constructor.
RoslynAnalysisRunner will not be running.
RoslynAnalysisRunner has terminated.
Mono: successfully reloaded assembly
- Completed reload, in  0.777 seconds
Platform modules already initialized, skipping
Refreshing native plugins compatible for Editor in 0.29 ms, found 1 plugins.
Preloading 0 native plugins for Editor in 0.00 ms.
Unloading 1803 Unused Serialized files (Serialized files now loaded: 0)
System memory in use before: 90.6 MB.
System memory in use after: 90.6 MB.

Unloading 12 unused Assets to reduce memory usage. Loaded Objects now: 2309.
Total: 2.023300 ms (FindLiveObjects: 0.205500 ms CreateObjectMapping: 0.080800 ms MarkObjects: 1.631600 ms  DeleteObjects: 0.104200 ms)

========================================================================
Received Import Request.
  Time since last request: 1304.313767 seconds.
  path: Assets/Material/PIXELMPLUS10-REGULAR.TTF
  artifactKey: Guid(e9dc50d0f4a2256468b2edb7a13f8b30) Importer(815301076,1909f56bfc062723c751e8b465ee728b)
Start importing Assets/Material/PIXELMPLUS10-REGULAR.TTF using Guid(e9dc50d0f4a2256468b2edb7a13f8b30) Importer(815301076,1909f56bfc062723c751e8b465ee728b)  -> (artifact id: '0ed274b3b1ce5b525dc024739e9b1e93') in 0.080973 seconds
  Import took 0.084352 seconds .

========================================================================
Received Prepare
Registering precompiled user dll's ...
Registered in 0.001006 seconds.
Begin MonoManager ReloadAssembly
Native extension for WindowsStandalone target not found
Refreshing native plugins compatible for Editor in 0.30 ms, found 1 plugins.
Preloading 0 native plugins for Editor in 0.00 ms.
Invoked RoslynAnalysisRunner static constructor.
RoslynAnalysisRunner will not be running.
RoslynAnalysisRunner has terminated.
Mono: successfully reloaded assembly
- Completed reload, in  0.738 seconds
Platform modules already initialized, skipping
Refreshing native plugins compatible for Editor in 0.30 ms, found 1 plugins.
Preloading 0 native plugins for Editor in 0.00 ms.
Unloading 1803 Unused Serialized files (Serialized files now loaded: 0)
System memory in use before: 91.1 MB.
System memory in use after: 91.1 MB.

Unloading 12 unused Assets to reduce memory usage. Loaded Objects now: 2355.
Total: 1.903100 ms (FindLiveObjects: 0.146600 ms CreateObjectMapping: 0.053200 ms MarkObjects: 1.614400 ms  DeleteObjects: 0.087900 ms)

========================================================================
Received Prepare
Registering precompiled user dll's ...
Registered in 0.000952 seconds.
Begin MonoManager ReloadAssembly
Native extension for WindowsStandalone target not found
Refreshing native plugins compatible for Editor in 0.38 ms, found 1 plugins.
Preloading 0 native plugins for Editor in 0.00 ms.
Invoked RoslynAnalysisRunner static constructor.
RoslynAnalysisRunner will not be running.
RoslynAnalysisRunner has terminated.
Mono: successfully reloaded assembly
- Completed reload, in  0.760 seconds
Platform modules already initialized, skipping
Refreshing native plugins compatible for Editor in 0.30 ms, found 1 plugins.
Preloading 0 native plugins for Editor in 0.00 ms.
Unloading 1803 Unused Serialized files (Serialized files now loaded: 0)
System memory in use before: 91.1 MB.
System memory in use after: 91.1 MB.

Unloading 12 unused Assets to reduce memory usage. Loaded Objects now: 2359.
Total: 2.271500 ms (FindLiveObjects: 0.345800 ms CreateObjectMapping: 0.171600 ms MarkObjects: 1.634900 ms  DeleteObjects: 0.117700 ms)

========================================================================
Received Prepare
Registering precompiled user dll's ...
Registered in 0.001033 seconds.
Begin MonoManager ReloadAssembly
Native extension for WindowsStandalone target not found
Refreshing native plugins compatible for Editor in 0.30 ms, found 1 plugins.
Preloading 0 native plugins for Editor in 0.00 ms.
Invoked RoslynAnalysisRunner static constructor.
RoslynAnalysisRunner will not be running.
RoslynAnalysisRunner has terminated.
Mono: successfully reloaded assembly
- Completed reload, in  0.732 seconds
Platform modules already initialized, skipping
Refreshing native plugins compatible for Editor in 0.30 ms, found 1 plugins.
Preloading 0 native plugins for Editor in 0.00 ms.
Unloading 1803 Unused Serialized files (Serialized files now loaded: 0)
System memory in use before: 91.1 MB.
System memory in use after: 91.1 MB.

Unloading 12 unused Assets to reduce memory usage. Loaded Objects now: 2363.
Total: 2.051800 ms (FindLiveObjects: 0.287500 ms CreateObjectMapping: 0.069400 ms MarkObjects: 1.540400 ms  DeleteObjects: 0.153900 ms)

========================================================================
Received Prepare
Registering precompiled user dll's ...
Registered in 0.000911 seconds.
Begin MonoManager ReloadAssembly
Native extension for WindowsStandalone target not found
Refreshing native plugins compatible for Editor in 0.30 ms, found 1 plugins.
Preloading 0 native plugins for Editor in 0.00 ms.
Invoked RoslynAnalysisRunner static constructor.
RoslynAnalysisRunner will not be running.
RoslynAnalysisRunner has terminated.
Mono: successfully reloaded assembly
- Completed reload, in  0.763 seconds
Platform modules already initialized, skipping
Refreshing native plugins compatible for Editor in 0.37 ms, found 1 plugins.
Preloading 0 native plugins for Editor in 0.00 ms.
Unloading 1803 Unused Serialized files (Serialized files now loaded: 0)
System memory in use before: 91.1 MB.
System memory in use after: 91.1 MB.

Unloading 12 unused Assets to reduce memory usage. Loaded Objects now: 2367.
Total: 2.124100 ms (FindLiveObjects: 0.172700 ms CreateObjectMapping: 0.074200 ms MarkObjects: 1.780100 ms  DeleteObjects: 0.096100 ms)

========================================================================
Received Prepare
Registering precompiled user dll's ...
Registered in 0.000985 seconds.
Begin MonoManager ReloadAssembly
Native extension for WindowsStandalone target not found
Refreshing native plugins compatible for Editor in 0.31 ms, found 1 plugins.
Preloading 0 native plugins for Editor in 0.00 ms.
Invoked RoslynAnalysisRunner static constructor.
RoslynAnalysisRunner will not be running.
RoslynAnalysisRunner has terminated.
Mono: successfully reloaded assembly
- Completed reload, in  0.794 seconds
Platform modules already initialized, skipping
Refreshing native plugins compatible for Editor in 0.32 ms, found 1 plugins.
Preloading 0 native plugins for Editor in 0.00 ms.
Unloading 1803 Unused Serialized files (Serialized files now loaded: 0)
System memory in use before: 91.1 MB.
System memory in use after: 91.1 MB.

Unloading 12 unused Assets to reduce memory usage. Loaded Objects now: 2371.
Total: 2.251300 ms (FindLiveObjects: 0.205900 ms CreateObjectMapping: 0.230800 ms MarkObjects: 1.718300 ms  DeleteObjects: 0.095200 ms)

========================================================================
Received Prepare
Registering precompiled user dll's ...
Registered in 0.001515 seconds.
Begin MonoManager ReloadAssembly
Native extension for WindowsStandalone target not found
Refreshing native plugins compatible for Editor in 0.32 ms, found 1 plugins.
Preloading 0 native plugins for Editor in 0.00 ms.
Invoked RoslynAnalysisRunner static constructor.
RoslynAnalysisRunner will not be running.
RoslynAnalysisRunner has terminated.
Mono: successfully reloaded assembly
- Completed reload, in  1.213 seconds
Platform modules already initialized, skipping
Refreshing native plugins compatible for Editor in 0.49 ms, found 1 plugins.
Preloading 0 native plugins for Editor in 0.00 ms.
Unloading 1803 Unused Serialized files (Serialized files now loaded: 0)
System memory in use before: 91.1 MB.
System memory in use after: 91.1 MB.

Unloading 12 unused Assets to reduce memory usage. Loaded Objects now: 2375.
Total: 3.351100 ms (FindLiveObjects: 0.301500 ms CreateObjectMapping: 0.124000 ms MarkObjects: 2.753500 ms  DeleteObjects: 0.170600 ms)

========================================================================
Received Prepare
Registering precompiled user dll's ...
Registered in 0.001123 seconds.
Begin MonoManager ReloadAssembly
Native extension for WindowsStandalone target not found
Refreshing native plugins compatible for Editor in 0.57 ms, found 1 plugins.
Preloading 0 native plugins for Editor in 0.00 ms.
Invoked RoslynAnalysisRunner static constructor.
RoslynAnalysisRunner will not be running.
RoslynAnalysisRunner has terminated.
Mono: successfully reloaded assembly
- Completed reload, in  1.819 seconds
Platform modules already initialized, skipping
Refreshing native plugins compatible for Editor in 0.92 ms, found 1 plugins.
Preloading 0 native plugins for Editor in 0.00 ms.
Unloading 1803 Unused Serialized files (Serialized files now loaded: 0)
System memory in use before: 91.1 MB.
System memory in use after: 91.1 MB.

Unloading 12 unused Assets to reduce memory usage. Loaded Objects now: 2379.
Total: 6.029500 ms (FindLiveObjects: 0.487100 ms CreateObjectMapping: 0.240200 ms MarkObjects: 4.992600 ms  DeleteObjects: 0.304900 ms)

========================================================================
Received Prepare
Registering precompiled user dll's ...
Registered in 0.001126 seconds.
Begin MonoManager ReloadAssembly
Native extension for WindowsStandalone target not found
Refreshing native plugins compatible for Editor in 0.33 ms, found 1 plugins.
Preloading 0 native plugins for Editor in 0.00 ms.
Invoked RoslynAnalysisRunner static constructor.
RoslynAnalysisRunner will not be running.
RoslynAnalysisRunner has terminated.
Mono: successfully reloaded assembly
- Completed reload, in  1.486 seconds
Platform modules already initialized, skipping
Refreshing native plugins compatible for Editor in 0.34 ms, found 1 plugins.
Preloading 0 native plugins for Editor in 0.00 ms.
Unloading 1803 Unused Serialized files (Serialized files now loaded: 0)
System memory in use before: 91.1 MB.
System memory in use after: 91.1 MB.

Unloading 12 unused Assets to reduce memory usage. Loaded Objects now: 2383.
Total: 2.399200 ms (FindLiveObjects: 0.360000 ms CreateObjectMapping: 0.151200 ms MarkObjects: 1.778100 ms  DeleteObjects: 0.107600 ms)

========================================================================
Received Prepare
Registering precompiled user dll's ...
Registered in 0.001242 seconds.
Begin MonoManager ReloadAssembly
Native extension for WindowsStandalone target not found
Refreshing native plugins compatible for Editor in 0.43 ms, found 1 plugins.
Preloading 0 native plugins for Editor in 0.00 ms.
Invoked RoslynAnalysisRunner static constructor.
RoslynAnalysisRunner will not be running.
RoslynAnalysisRunner has terminated.
Mono: successfully reloaded assembly
- Completed reload, in  1.231 seconds
Platform modules already initialized, skipping
Refreshing native plugins compatible for Editor in 0.60 ms, found 1 plugins.
Preloading 0 native plugins for Editor in 0.00 ms.
Unloading 1803 Unused Serialized files (Serialized files now loaded: 0)
System memory in use before: 91.1 MB.
System memory in use after: 91.1 MB.

Unloading 12 unused Assets to reduce memory usage. Loaded Objects now: 2387.
Total: 5.845300 ms (FindLiveObjects: 0.522900 ms CreateObjectMapping: 0.225700 ms MarkObjects: 4.798900 ms  DeleteObjects: 0.294100 ms)

========================================================================
Received Prepare
Registering precompiled user dll's ...
Registered in 0.001068 seconds.
Begin MonoManager ReloadAssembly
Native extension for WindowsStandalone target not found
Refreshing native plugins compatible for Editor in 0.96 ms, found 1 plugins.
Preloading 0 native plugins for Editor in 0.00 ms.
Invoked RoslynAnalysisRunner static constructor.
RoslynAnalysisRunner will not be running.
RoslynAnalysisRunner has terminated.
Mono: successfully reloaded assembly
- Completed reload, in  1.985 seconds
Platform modules already initialized, skipping
Refreshing native plugins compatible for Editor in 0.32 ms, found 1 plugins.
Preloading 0 native plugins for Editor in 0.00 ms.
Unloading 1803 Unused Serialized files (Serialized files now loaded: 0)
System memory in use before: 91.1 MB.
System memory in use after: 91.1 MB.

Unloading 12 unused Assets to reduce memory usage. Loaded Objects now: 2391.
Total: 2.248700 ms (FindLiveObjects: 0.195600 ms CreateObjectMapping: 0.088100 ms MarkObjects: 1.856800 ms  DeleteObjects: 0.106900 ms)

========================================================================
Received Prepare
Registering precompiled user dll's ...
Registered in 0.001550 seconds.
Begin MonoManager ReloadAssembly
Native extension for WindowsStandalone target not found
Refreshing native plugins compatible for Editor in 0.54 ms, found 1 plugins.
Preloading 0 native plugins for Editor in 0.00 ms.
Invoked RoslynAnalysisRunner static constructor.
RoslynAnalysisRunner will not be running.
RoslynAnalysisRunner has terminated.
Mono: successfully reloaded assembly
- Completed reload, in  1.687 seconds
Platform modules already initialized, skipping
Refreshing native plugins compatible for Editor in 0.90 ms, found 1 plugins.
Preloading 0 native plugins for Editor in 0.00 ms.
Unloading 1803 Unused Serialized files (Serialized files now loaded: 0)
System memory in use before: 91.2 MB.
System memory in use after: 91.2 MB.

Unloading 12 unused Assets to reduce memory usage. Loaded Objects now: 2395.
Total: 5.719000 ms (FindLiveObjects: 0.317500 ms CreateObjectMapping: 0.167400 ms MarkObjects: 4.959300 ms  DeleteObjects: 0.272100 ms)

========================================================================
Received Prepare
Registering precompiled user dll's ...
Registered in 0.001077 seconds.
Begin MonoManager ReloadAssembly
Native extension for WindowsStandalone target not found
Refreshing native plugins compatible for Editor in 0.35 ms, found 1 plugins.
Preloading 0 native plugins for Editor in 0.00 ms.
Invoked RoslynAnalysisRunner static constructor.
RoslynAnalysisRunner will not be running.
RoslynAnalysisRunner has terminated.
Mono: successfully reloaded assembly
- Completed reload, in  0.963 seconds
Platform modules already initialized, skipping
Refreshing native plugins compatible for Editor in 0.42 ms, found 1 plugins.
Preloading 0 native plugins for Editor in 0.00 ms.
Unloading 1803 Unused Serialized files (Serialized files now loaded: 0)
System memory in use before: 91.2 MB.
System memory in use after: 91.2 MB.

Unloading 12 unused Assets to reduce memory usage. Loaded Objects now: 2399.
Total: 2.173800 ms (FindLiveObjects: 0.267500 ms CreateObjectMapping: 0.091200 ms MarkObjects: 1.689400 ms  DeleteObjects: 0.124600 ms)

========================================================================
Received Prepare
Registering precompiled user dll's ...
Registered in 0.001296 seconds.
Begin MonoManager ReloadAssembly
Native extension for WindowsStandalone target not found
Refreshing native plugins compatible for Editor in 0.33 ms, found 1 plugins.
Preloading 0 native plugins for Editor in 0.00 ms.
Invoked RoslynAnalysisRunner static constructor.
RoslynAnalysisRunner will not be running.
RoslynAnalysisRunner has terminated.
Mono: successfully reloaded assembly
- Completed reload, in  1.309 seconds
Platform modules already initialized, skipping
Refreshing native plugins compatible for Editor in 0.34 ms, found 1 plugins.
Preloading 0 native plugins for Editor in 0.00 ms.
Unloading 1803 Unused Serialized files (Serialized files now loaded: 0)
System memory in use before: 91.2 MB.
System memory in use after: 91.2 MB.

Unloading 12 unused Assets to reduce memory usage. Loaded Objects now: 2403.
Total: 2.265600 ms (FindLiveObjects: 0.255200 ms CreateObjectMapping: 0.109400 ms MarkObjects: 1.789600 ms  DeleteObjects: 0.110300 ms)

========================================================================
Received Import Request.
  Time since last request: 2660.877565 seconds.
  path: Assets/Scenes/Main.unity
  artifactKey: Guid(7e6d53cf26c17204fa4e7f431ab63071) Importer(815301076,1909f56bfc062723c751e8b465ee728b)
Start importing Assets/Scenes/Main.unity using Guid(7e6d53cf26c17204fa4e7f431ab63071) Importer(815301076,1909f56bfc062723c751e8b465ee728b)  -> (artifact id: 'c94493386ff6ffd6e01d26a6696835b1') in 0.020453 seconds
  Import took 0.024614 seconds .

========================================================================
Received Import Request.
  Time since last request: 43.661827 seconds.
  path: Assets/Scenes/MailApp.unity
  artifactKey: Guid(661a2c1ac7cf87c409916b69637c5ab2) Importer(815301076,1909f56bfc062723c751e8b465ee728b)
Start importing Assets/Scenes/MailApp.unity using Guid(661a2c1ac7cf87c409916b69637c5ab2) Importer(815301076,1909f56bfc062723c751e8b465ee728b)  -> (artifact id: '89f79d95e00aac35d0512769057261e7') in 0.004266 seconds
  Import took 0.007980 seconds .

========================================================================
Received Prepare
Registering precompiled user dll's ...
Registered in 0.001359 seconds.
Begin MonoManager ReloadAssembly
Native extension for WindowsStandalone target not found
Refreshing native plugins compatible for Editor in 0.33 ms, found 1 plugins.
Preloading 0 native plugins for Editor in 0.00 ms.
Invoked RoslynAnalysisRunner static constructor.
RoslynAnalysisRunner will not be running.
RoslynAnalysisRunner has terminated.
Mono: successfully reloaded assembly
- Completed reload, in  1.026 seconds
Platform modules already initialized, skipping
Refreshing native plugins compatible for Editor in 0.33 ms, found 1 plugins.
Preloading 0 native plugins for Editor in 0.00 ms.
Unloading 1803 Unused Serialized files (Serialized files now loaded: 0)
System memory in use before: 91.2 MB.
System memory in use after: 91.2 MB.

Unloading 12 unused Assets to reduce memory usage. Loaded Objects now: 2407.
Total: 3.867700 ms (FindLiveObjects: 0.363900 ms CreateObjectMapping: 0.142800 ms MarkObjects: 3.165700 ms  DeleteObjects: 0.193200 ms)

========================================================================
Received Prepare
Registering precompiled user dll's ...
Registered in 0.001053 seconds.
Begin MonoManager ReloadAssembly
Native extension for WindowsStandalone target not found
Refreshing native plugins compatible for Editor in 0.37 ms, found 1 plugins.
Preloading 0 native plugins for Editor in 0.00 ms.
Invoked RoslynAnalysisRunner static constructor.
RoslynAnalysisRunner will not be running.
RoslynAnalysisRunner has terminated.
Mono: successfully reloaded assembly
- Completed reload, in  1.147 seconds
Platform modules already initialized, skipping
Refreshing native plugins compatible for Editor in 0.43 ms, found 1 plugins.
Preloading 0 native plugins for Editor in 0.00 ms.
Unloading 1803 Unused Serialized files (Serialized files now loaded: 0)
System memory in use before: 91.2 MB.
System memory in use after: 91.2 MB.

Unloading 12 unused Assets to reduce memory usage. Loaded Objects now: 2411.
Total: 2.505400 ms (FindLiveObjects: 0.280600 ms CreateObjectMapping: 0.119300 ms MarkObjects: 1.965800 ms  DeleteObjects: 0.137900 ms)

========================================================================
Received Prepare
Registering precompiled user dll's ...
Registered in 0.001144 seconds.
Begin MonoManager ReloadAssembly
Native extension for WindowsStandalone target not found
Refreshing native plugins compatible for Editor in 0.33 ms, found 1 plugins.
Preloading 0 native plugins for Editor in 0.00 ms.
Invoked RoslynAnalysisRunner static constructor.
RoslynAnalysisRunner will not be running.
RoslynAnalysisRunner has terminated.
Mono: successfully reloaded assembly
- Completed reload, in  1.681 seconds
Platform modules already initialized, skipping
Refreshing native plugins compatible for Editor in 0.77 ms, found 1 plugins.
Preloading 0 native plugins for Editor in 0.00 ms.
Unloading 1803 Unused Serialized files (Serialized files now loaded: 0)
System memory in use before: 91.2 MB.
System memory in use after: 91.2 MB.

Unloading 12 unused Assets to reduce memory usage. Loaded Objects now: 2415.
Total: 6.288800 ms (FindLiveObjects: 0.428700 ms CreateObjectMapping: 0.271500 ms MarkObjects: 5.189900 ms  DeleteObjects: 0.394300 ms)

========================================================================
Received Prepare
Registering precompiled user dll's ...
Registered in 0.001150 seconds.
Begin MonoManager ReloadAssembly
Native extension for WindowsStandalone target not found
Refreshing native plugins compatible for Editor in 0.36 ms, found 1 plugins.
Preloading 0 native plugins for Editor in 0.00 ms.
Invoked RoslynAnalysisRunner static constructor.
RoslynAnalysisRunner will not be running.
RoslynAnalysisRunner has terminated.
Mono: successfully reloaded assembly
- Completed reload, in  1.068 seconds
Platform modules already initialized, skipping
Refreshing native plugins compatible for Editor in 0.32 ms, found 1 plugins.
Preloading 0 native plugins for Editor in 0.00 ms.
Unloading 1803 Unused Serialized files (Serialized files now loaded: 0)
System memory in use before: 91.2 MB.
System memory in use after: 91.2 MB.

Unloading 12 unused Assets to reduce memory usage. Loaded Objects now: 2419.
Total: 1.995500 ms (FindLiveObjects: 0.222700 ms CreateObjectMapping: 0.078200 ms MarkObjects: 1.557400 ms  DeleteObjects: 0.135900 ms)

========================================================================
Received Prepare
Registering precompiled user dll's ...
Registered in 0.002176 seconds.
Begin MonoManager ReloadAssembly
Native extension for WindowsStandalone target not found
Refreshing native plugins compatible for Editor in 1.12 ms, found 1 plugins.
Preloading 0 native plugins for Editor in 0.00 ms.
Invoked RoslynAnalysisRunner static constructor.
RoslynAnalysisRunner will not be running.
RoslynAnalysisRunner has terminated.
Mono: successfully reloaded assembly
- Completed reload, in  1.574 seconds
Platform modules already initialized, skipping
Refreshing native plugins compatible for Editor in 0.34 ms, found 1 plugins.
Preloading 0 native plugins for Editor in 0.00 ms.
Unloading 1803 Unused Serialized files (Serialized files now loaded: 0)
System memory in use before: 91.2 MB.
System memory in use after: 91.2 MB.

Unloading 12 unused Assets to reduce memory usage. Loaded Objects now: 2423.
Total: 2.349100 ms (FindLiveObjects: 0.214100 ms CreateObjectMapping: 0.082700 ms MarkObjects: 1.944600 ms  DeleteObjects: 0.106600 ms)

========================================================================
Received Import Request.
  Time since last request: 429.341041 seconds.
  path: Assets/Scenes/Main.unity
  artifactKey: Guid(7e6d53cf26c17204fa4e7f431ab63071) Importer(815301076,1909f56bfc062723c751e8b465ee728b)
Start importing Assets/Scenes/Main.unity using Guid(7e6d53cf26c17204fa4e7f431ab63071) Importer(815301076,1909f56bfc062723c751e8b465ee728b)  -> (artifact id: '7d22151304172ab83d667a0d5f8bb744') in 0.012956 seconds
  Import took 0.016853 seconds .

========================================================================
Received Prepare
Registering precompiled user dll's ...
Registered in 0.001122 seconds.
Begin MonoManager ReloadAssembly
Native extension for WindowsStandalone target not found
Refreshing native plugins compatible for Editor in 0.53 ms, found 1 plugins.
Preloading 0 native plugins for Editor in 0.00 ms.
Invoked RoslynAnalysisRunner static constructor.
RoslynAnalysisRunner will not be running.
RoslynAnalysisRunner has terminated.
Mono: successfully reloaded assembly
- Completed reload, in  1.513 seconds
Platform modules already initialized, skipping
Refreshing native plugins compatible for Editor in 0.71 ms, found 1 plugins.
Preloading 0 native plugins for Editor in 0.00 ms.
Unloading 1803 Unused Serialized files (Serialized files now loaded: 0)
System memory in use before: 91.2 MB.
System memory in use after: 91.2 MB.

Unloading 12 unused Assets to reduce memory usage. Loaded Objects now: 2427.
Total: 5.829600 ms (FindLiveObjects: 0.534100 ms CreateObjectMapping: 0.214700 ms MarkObjects: 4.801500 ms  DeleteObjects: 0.276300 ms)

========================================================================
Received Prepare
Registering precompiled user dll's ...
Registered in 0.001150 seconds.
Begin MonoManager ReloadAssembly
Native extension for WindowsStandalone target not found
Refreshing native plugins compatible for Editor in 0.34 ms, found 1 plugins.
Preloading 0 native plugins for Editor in 0.00 ms.
Invoked RoslynAnalysisRunner static constructor.
RoslynAnalysisRunner will not be running.
RoslynAnalysisRunner has terminated.
Mono: successfully reloaded assembly
- Completed reload, in  0.965 seconds
Platform modules already initialized, skipping
Refreshing native plugins compatible for Editor in 0.33 ms, found 1 plugins.
Preloading 0 native plugins for Editor in 0.00 ms.
Unloading 1803 Unused Serialized files (Serialized files now loaded: 0)
System memory in use before: 91.3 MB.
System memory in use after: 91.2 MB.

Unloading 12 unused Assets to reduce memory usage. Loaded Objects now: 2431.
Total: 2.459900 ms (FindLiveObjects: 0.353000 ms CreateObjectMapping: 0.115600 ms MarkObjects: 1.883100 ms  DeleteObjects: 0.106900 ms)

========================================================================
Received Prepare
Registering precompiled user dll's ...
Registered in 0.001108 seconds.
Begin MonoManager ReloadAssembly
Native extension for WindowsStandalone target not found
Refreshing native plugins compatible for Editor in 0.35 ms, found 1 plugins.
Preloading 0 native plugins for Editor in 0.00 ms.
Invoked RoslynAnalysisRunner static constructor.
RoslynAnalysisRunner will not be running.
RoslynAnalysisRunner has terminated.
Mono: successfully reloaded assembly
- Completed reload, in  2.506 seconds
Platform modules already initialized, skipping
Refreshing native plugins compatible for Editor in 0.91 ms, found 1 plugins.
Preloading 0 native plugins for Editor in 0.00 ms.
Unloading 1803 Unused Serialized files (Serialized files now loaded: 0)
System memory in use before: 91.3 MB.
System memory in use after: 91.3 MB.

Unloading 12 unused Assets to reduce memory usage. Loaded Objects now: 2435.
Total: 8.808600 ms (FindLiveObjects: 0.977500 ms CreateObjectMapping: 0.318100 ms MarkObjects: 7.054200 ms  DeleteObjects: 0.454300 ms)

========================================================================
Received Import Request.
  Time since last request: 227.134874 seconds.
  path: Assets/Scenes/CallApp.unity
  artifactKey: Guid(1f070d2f29fedef459e76e25e1391e25) Importer(815301076,1909f56bfc062723c751e8b465ee728b)
Start importing Assets/Scenes/CallApp.unity using Guid(1f070d2f29fedef459e76e25e1391e25) Importer(815301076,1909f56bfc062723c751e8b465ee728b)  -> (artifact id: 'cd5254aae019aff1e43134562347e321') in 0.019484 seconds
  Import took 0.026022 seconds .

========================================================================
Received Prepare
Registering precompiled user dll's ...
Registered in 0.001419 seconds.
Begin MonoManager ReloadAssembly
Native extension for WindowsStandalone target not found
Refreshing native plugins compatible for Editor in 0.34 ms, found 1 plugins.
Preloading 0 native plugins for Editor in 0.00 ms.
Invoked RoslynAnalysisRunner static constructor.
RoslynAnalysisRunner will not be running.
RoslynAnalysisRunner has terminated.
Mono: successfully reloaded assembly
- Completed reload, in  1.487 seconds
Platform modules already initialized, skipping
Refreshing native plugins compatible for Editor in 0.30 ms, found 1 plugins.
Preloading 0 native plugins for Editor in 0.00 ms.
Unloading 1803 Unused Serialized files (Serialized files now loaded: 0)
System memory in use before: 91.3 MB.
System memory in use after: 91.3 MB.

Unloading 12 unused Assets to reduce memory usage. Loaded Objects now: 2439.
Total: 4.081000 ms (FindLiveObjects: 0.332600 ms CreateObjectMapping: 0.148900 ms MarkObjects: 3.397800 ms  DeleteObjects: 0.199800 ms)

========================================================================
Received Prepare
Registering precompiled user dll's ...
Registered in 0.001105 seconds.
Begin MonoManager ReloadAssembly
Native extension for WindowsStandalone target not found
Refreshing native plugins compatible for Editor in 0.57 ms, found 1 plugins.
Preloading 0 native plugins for Editor in 0.00 ms.
Invoked RoslynAnalysisRunner static constructor.
RoslynAnalysisRunner will not be running.
RoslynAnalysisRunner has terminated.
Mono: successfully reloaded assembly
- Completed reload, in  1.527 seconds
Platform modules already initialized, skipping
Refreshing native plugins compatible for Editor in 0.35 ms, found 1 plugins.
Preloading 0 native plugins for Editor in 0.00 ms.
Unloading 1803 Unused Serialized files (Serialized files now loaded: 0)
System memory in use before: 91.3 MB.
System memory in use after: 91.3 MB.

Unloading 12 unused Assets to reduce memory usage. Loaded Objects now: 2443.
Total: 3.145700 ms (FindLiveObjects: 0.319700 ms CreateObjectMapping: 0.116500 ms MarkObjects: 2.518000 ms  DeleteObjects: 0.189900 ms)

========================================================================
Received Prepare
Registering precompiled user dll's ...
Registered in 0.001153 seconds.
Begin MonoManager ReloadAssembly
Native extension for WindowsStandalone target not found
Refreshing native plugins compatible for Editor in 0.37 ms, found 1 plugins.
Preloading 0 native plugins for Editor in 0.00 ms.
Invoked RoslynAnalysisRunner static constructor.
RoslynAnalysisRunner will not be running.
RoslynAnalysisRunner has terminated.
Mono: successfully reloaded assembly
- Completed reload, in  1.642 seconds
Platform modules already initialized, skipping
Refreshing native plugins compatible for Editor in 0.34 ms, found 1 plugins.
Preloading 0 native plugins for Editor in 0.00 ms.
Unloading 1803 Unused Serialized files (Serialized files now loaded: 0)
System memory in use before: 91.3 MB.
System memory in use after: 91.3 MB.

Unloading 12 unused Assets to reduce memory usage. Loaded Objects now: 2447.
Total: 2.249400 ms (FindLiveObjects: 0.219000 ms CreateObjectMapping: 0.087900 ms MarkObjects: 1.832000 ms  DeleteObjects: 0.109200 ms)

========================================================================
Received Prepare
Registering precompiled user dll's ...
Registered in 0.001106 seconds.
Begin MonoManager ReloadAssembly
Native extension for WindowsStandalone target not found
Refreshing native plugins compatible for Editor in 0.33 ms, found 1 plugins.
Preloading 0 native plugins for Editor in 0.00 ms.
Invoked RoslynAnalysisRunner static constructor.
RoslynAnalysisRunner will not be running.
RoslynAnalysisRunner has terminated.
Mono: successfully reloaded assembly
- Completed reload, in  1.549 seconds
Platform modules already initialized, skipping
Refreshing native plugins compatible for Editor in 0.31 ms, found 1 plugins.
Preloading 0 native plugins for Editor in 0.00 ms.
Unloading 1803 Unused Serialized files (Serialized files now loaded: 0)
System memory in use before: 91.3 MB.
System memory in use after: 91.3 MB.

Unloading 12 unused Assets to reduce memory usage. Loaded Objects now: 2451.
Total: 3.738600 ms (FindLiveObjects: 0.312600 ms CreateObjectMapping: 0.141400 ms MarkObjects: 3.078600 ms  DeleteObjects: 0.203500 ms)

========================================================================
Received Import Request.
  Time since last request: 247.466381 seconds.
  path: Assets/Scenes/CallApp.unity
  artifactKey: Guid(1f070d2f29fedef459e76e25e1391e25) Importer(815301076,1909f56bfc062723c751e8b465ee728b)
Start importing Assets/Scenes/CallApp.unity using Guid(1f070d2f29fedef459e76e25e1391e25) Importer(815301076,1909f56bfc062723c751e8b465ee728b)  -> (artifact id: '36034373a6ffb182b89cce1ba2afa558') in 0.014750 seconds
  Import took 0.020449 seconds .

========================================================================
Received Import Request.
  Time since last request: 0.000655 seconds.
  path: Assets/Scenes/CallApp.unity
  artifactKey: Guid(1f070d2f29fedef459e76e25e1391e25) Importer(815301076,1909f56bfc062723c751e8b465ee728b)
Start importing Assets/Scenes/CallApp.unity using Guid(1f070d2f29fedef459e76e25e1391e25) Importer(815301076,1909f56bfc062723c751e8b465ee728b)  -> (artifact id: '36034373a6ffb182b89cce1ba2afa558') in 0.004560 seconds
  Import took 0.008474 seconds .

========================================================================
Received Prepare
Registering precompiled user dll's ...
Registered in 0.001102 seconds.
Begin MonoManager ReloadAssembly
Native extension for WindowsStandalone target not found
Refreshing native plugins compatible for Editor in 0.33 ms, found 1 plugins.
Preloading 0 native plugins for Editor in 0.00 ms.
Invoked RoslynAnalysisRunner static constructor.
RoslynAnalysisRunner will not be running.
RoslynAnalysisRunner has terminated.
Mono: successfully reloaded assembly
- Completed reload, in  0.969 seconds
Platform modules already initialized, skipping
Refreshing native plugins compatible for Editor in 0.33 ms, found 1 plugins.
Preloading 0 native plugins for Editor in 0.00 ms.
Unloading 1803 Unused Serialized files (Serialized files now loaded: 0)
System memory in use before: 91.3 MB.
System memory in use after: 91.3 MB.

Unloading 12 unused Assets to reduce memory usage. Loaded Objects now: 2455.
Total: 2.417100 ms (FindLiveObjects: 0.481800 ms CreateObjectMapping: 0.075700 ms MarkObjects: 1.749100 ms  DeleteObjects: 0.109400 ms)

========================================================================
Received Prepare
Registering precompiled user dll's ...
Registered in 0.001046 seconds.
Begin MonoManager ReloadAssembly
Native extension for WindowsStandalone target not found
Refreshing native plugins compatible for Editor in 0.66 ms, found 1 plugins.
Preloading 0 native plugins for Editor in 0.00 ms.
Invoked RoslynAnalysisRunner static constructor.
RoslynAnalysisRunner will not be running.
RoslynAnalysisRunner has terminated.
Mono: successfully reloaded assembly
- Completed reload, in  0.954 seconds
Platform modules already initialized, skipping
Refreshing native plugins compatible for Editor in 0.34 ms, found 1 plugins.
Preloading 0 native plugins for Editor in 0.00 ms.
Unloading 1803 Unused Serialized files (Serialized files now loaded: 0)
System memory in use before: 91.3 MB.
System memory in use after: 91.3 MB.

Unloading 12 unused Assets to reduce memory usage. Loaded Objects now: 2459.
Total: 2.134900 ms (FindLiveObjects: 0.188400 ms CreateObjectMapping: 0.084300 ms MarkObjects: 1.756200 ms  DeleteObjects: 0.105100 ms)

========================================================================
Received Prepare
Registering precompiled user dll's ...
Registered in 0.001415 seconds.
Begin MonoManager ReloadAssembly
Native extension for WindowsStandalone target not found
Refreshing native plugins compatible for Editor in 1.19 ms, found 1 plugins.
Preloading 0 native plugins for Editor in 0.00 ms.
Invoked RoslynAnalysisRunner static constructor.
RoslynAnalysisRunner will not be running.
RoslynAnalysisRunner has terminated.
Mono: successfully reloaded assembly
- Completed reload, in  2.106 seconds
Platform modules already initialized, skipping
Refreshing native plugins compatible for Editor in 0.39 ms, found 1 plugins.
Preloading 0 native plugins for Editor in 0.00 ms.
Unloading 1803 Unused Serialized files (Serialized files now loaded: 0)
System memory in use before: 91.3 MB.
System memory in use after: 91.3 MB.

Unloading 12 unused Assets to reduce memory usage. Loaded Objects now: 2463.
Total: 2.447500 ms (FindLiveObjects: 0.318900 ms CreateObjectMapping: 0.143800 ms MarkObjects: 1.815600 ms  DeleteObjects: 0.168000 ms)

========================================================================
Received Prepare
Registering precompiled user dll's ...
Registered in 0.001160 seconds.
Begin MonoManager ReloadAssembly
Native extension for WindowsStandalone target not found
Refreshing native plugins compatible for Editor in 0.37 ms, found 1 plugins.
Preloading 0 native plugins for Editor in 0.00 ms.
Invoked RoslynAnalysisRunner static constructor.
RoslynAnalysisRunner will not be running.
RoslynAnalysisRunner has terminated.
Mono: successfully reloaded assembly
- Completed reload, in  0.930 seconds
Platform modules already initialized, skipping
Refreshing native plugins compatible for Editor in 0.67 ms, found 1 plugins.
Preloading 0 native plugins for Editor in 0.00 ms.
Unloading 1803 Unused Serialized files (Serialized files now loaded: 0)
System memory in use before: 91.3 MB.
System memory in use after: 91.3 MB.

Unloading 12 unused Assets to reduce memory usage. Loaded Objects now: 2467.
Total: 3.690400 ms (FindLiveObjects: 0.279100 ms CreateObjectMapping: 0.138000 ms MarkObjects: 3.085300 ms  DeleteObjects: 0.185600 ms)

AssetImportWorkerClient::OnTransportError - code=2 error=End of file
